<?xml version="1.0" encoding="UTF-8"?>
<!-- 
    Copyright 2018 Aditya Karnad
 
    Licensed under the Apache License, Version 2.0 (the "License");
    you may not use this file except in compliance with the License.
    You may obtain a copy of the License at
    
    http://www.apache.org/licenses/LICENSE-2.0
    
    Unless required by applicable law or agreed to in writing, software
    distributed under the License is distributed on an "AS IS" BASIS,
    WITHOUT WARRANTIES OR CONDITIONS OF ANY KIND, either express or implied.
    See the License for the specific language governing permissions and
    limitations under the License.
 -->
<cognito-configuration>
	
	<!-- Define your test modules and environment specifications here -->
	<testable-mods>
		<testable-mod name="EpcEngine" type="web service">
			<environments>
				<environment name="DEV">
					<env-spec id="url" detail="blah-dev.com/service/doSomething?wsdl"/>
					<env-spec id="dbUrl" detail="dbUrlHere"/>
				</environment>
				<environment name="TEST">
					<env-spec id="url" detail="blah-test.com/service/doSomething?wsdl"/>
					<env-spec id="specX" detail="specDetail"/>
				</environment>
			</environments>
			<mod-specs>
				<mod-spec id="acceptableDeviation" detail="100"/>
				<mod-spec id="someOtherUserDefinedOption" detail="Option XYZ"/>
			</mod-specs>
		</testable-mod>
		
		<testable-mod name="EpcUi" type="user interface">
			<environments>
				<environment name="AITE">
					<env-spec id="url" detail="blah-dev.com/showui"/>
				</environment>
				<environment name="SITE">
					<env-spec id="url" detail="blah-test.com/showui"/>
				</environment>
			</environments>
			<mod-specs>
				<mod-spec id="acceptableDeviation" detail="100"/>
				<mod-spec id="someOtherUserDefinedOption" detail="Option XYZ"/>
			</mod-specs>
		</testable-mod>
	</testable-mods>
	
	<report-generation path="C:/cognito-reports"/>
	
	
	<!-- Regression Test Configurations -->
	
	<!-- 
	Regression testing involves the running of scenarios of a mod installed on a "target environment".
	The same scenarios of the mod will be re-run on the "benchmark environment".
	The generated report will highlight the deviations in generated output (if any) as generated from the target and benchmark environments.
	 -->
	<regression-test mod-name="EpcEngine" target-env="DEV" benchmark-env="TEST">
	</regression-test>
	
	<!-- System Test Configuration-->
	<system-test mod-name="EpcUi" target-env="AITE">
	</system-test>
	
</cognito-configuration>